-------------------------------------------------------------------------------
Test set: pro.sky.telegrambot.TelegramBotApplicationTests
-------------------------------------------------------------------------------
Tests run: 1, Failures: 0, Errors: 1, Skipped: 0, Time elapsed: 2.13 s <<< FAILURE! - in pro.sky.telegrambot.TelegramBotApplicationTests
contextLoads  Time elapsed: 0.007 s  <<< ERROR!
java.lang.IllegalStateException: Failed to load ApplicationContext
Caused by: org.springframework.beans.factory.BeanCreationException: Error creating bean with name 'liquibase' defined in class path resource [org/springframework/boot/autoconfigure/liquibase/LiquibaseAutoConfiguration$LiquibaseConfiguration.class]: Invocation of init method failed; nested exception is liquibase.exception.ChangeLogParseException: Error parsing classpath:liquibase/changelog-master.yml
Caused by: liquibase.exception.ChangeLogParseException: Error parsing classpath:liquibase/changelog-master.yml
Caused by: liquibase.exception.UnexpectedLiquibaseException: No 'file' attribute on 'include'

